<?xml version="1.0" encoding="UTF-8"?>
<!-- Generated by org.testng.reporters.JUnitReportReporter -->
<testsuite hostname="Pranjal" failures="0" tests="1" name="com.ecommerce.test.tests.ProductSearchTest" time="7.901" errors="0" timestamp="2025-07-02T00:58:47 IST" skipped="0">
  <testcase classname="com.ecommerce.test.tests.ProductSearchTest" name="testProductSearchAndExtractDetails" time="7.901"/>
</testsuite> <!-- com.ecommerce.test.tests.ProductSearchTest -->
