<?xml version="1.0" encoding="UTF-8"?>
<!-- Generated by org.testng.reporters.JUnitReportReporter -->
<testsuite hostname="Pranjal" failures="0" tests="2" name="com.ecommerce.test.tests.SearchFunctionalityTest" time="11.640" errors="0" timestamp="2025-07-02T00:58:47 IST" skipped="0">
  <testcase classname="com.ecommerce.test.tests.SearchFunctionalityTest" name="testSearchFunctionality" time="5.478"/>
  <testcase classname="com.ecommerce.test.tests.SearchFunctionalityTest" name="testSearchFunctionality" time="6.162"/>
</testsuite> <!-- com.ecommerce.test.tests.SearchFunctionalityTest -->
