<?xml version="1.0" encoding="UTF-8"?>
<!-- Generated by org.testng.reporters.JUnitReportReporter -->
<testsuite hostname="Pranjal" failures="0" tests="1" name="com.ecommerce.test.tests.ProductPageValidationTest" time="7.640" errors="0" timestamp="2025-07-02T00:58:47 IST" skipped="0">
  <testcase classname="com.ecommerce.test.tests.ProductPageValidationTest" name="testProductPageElements" time="7.640"/>
</testsuite> <!-- com.ecommerce.test.tests.ProductPageValidationTest -->
